This is pdfTeX, Version 3.14159265-2.6-1.40.17 (TeX Live 2016/W32TeX) (preloaded format=pdflatex 2016.8.9)  14 SEP 2016 20:25
entering extended mode
 restricted \write18 enabled.
 file:line:error style messages enabled.
 %&-line parsing enabled.
**./main.tex
(./main.tex
LaTeX2e <2016/03/31> patch level 3
Babel <3.9r> and hyphenation patterns for 83 language(s) loaded.
(c:/texlive/2016/texmf-dist/tex/latex/base/book.cls
Document Class: book 2014/09/29 v1.4h Standard LaTeX document class
(c:/texlive/2016/texmf-dist/tex/latex/base/bk11.clo
File: bk11.clo 2014/09/29 v1.4h Standard LaTeX file (size option)
)
\c@part=\count79
\c@chapter=\count80
\c@section=\count81
\c@subsection=\count82
\c@subsubsection=\count83
\c@paragraph=\count84
\c@subparagraph=\count85
\c@figure=\count86
\c@table=\count87
\abovecaptionskip=\skip41
\belowcaptionskip=\skip42
\bibindent=\dimen102
) (c:/texlive/2016/texmf-dist/tex/latex/base/fontenc.sty
Package: fontenc 2016/06/19 v1.99m Standard LaTeX package
 (c:/texlive/2016/texmf-dist/tex/latex/base/t1enc.def
File: t1enc.def 2016/06/19 v1.99m Standard LaTeX file
LaTeX Font Info:    Redeclaring font encoding T1 on input line 48.
)) (c:/texlive/2016/texmf-dist/tex/latex/base/inputenc.sty
Package: inputenc 2015/03/17 v1.2c Input encoding file
\inpenc@prehook=\toks14
\inpenc@posthook=\toks15
 (c:/texlive/2016/texmf-dist/tex/latex/base/utf8.def
File: utf8.def 2016/02/28 v1.1s UTF-8 support for inputenc
Now handling font encoding OML ...
... no UTF-8 mapping file for font encoding OML
Now handling font encoding T1 ...
... processing UTF-8 mapping file for font encoding T1
 (c:/texlive/2016/texmf-dist/tex/latex/base/t1enc.dfu
File: t1enc.dfu 2016/02/28 v1.1s UTF-8 support for inputenc
   defining Unicode char U+00A0 (decimal 160)
   defining Unicode char U+00A1 (decimal 161)
   defining Unicode char U+00A3 (decimal 163)
   defining Unicode char U+00AB (decimal 171)
   defining Unicode char U+00AD (decimal 173)
   defining Unicode char U+00BB (decimal 187)
   defining Unicode char U+00BF (decimal 191)
   defining Unicode char U+00C0 (decimal 192)
   defining Unicode char U+00C1 (decimal 193)
   defining Unicode char U+00C2 (decimal 194)
   defining Unicode char U+00C3 (decimal 195)
   defining Unicode char U+00C4 (decimal 196)
   defining Unicode char U+00C5 (decimal 197)
   defining Unicode char U+00C6 (decimal 198)
   defining Unicode char U+00C7 (decimal 199)
   defining Unicode char U+00C8 (decimal 200)
   defining Unicode char U+00C9 (decimal 201)
   defining Unicode char U+00CA (decimal 202)
   defining Unicode char U+00CB (decimal 203)
   defining Unicode char U+00CC (decimal 204)
   defining Unicode char U+00CD (decimal 205)
   defining Unicode char U+00CE (decimal 206)
   defining Unicode char U+00CF (decimal 207)
   defining Unicode char U+00D0 (decimal 208)
   defining Unicode char U+00D1 (decimal 209)
   defining Unicode char U+00D2 (decimal 210)
   defining Unicode char U+00D3 (decimal 211)
   defining Unicode char U+00D4 (decimal 212)
   defining Unicode char U+00D5 (decimal 213)
   defining Unicode char U+00D6 (decimal 214)
   defining Unicode char U+00D8 (decimal 216)
   defining Unicode char U+00D9 (decimal 217)
   defining Unicode char U+00DA (decimal 218)
   defining Unicode char U+00DB (decimal 219)
   defining Unicode char U+00DC (decimal 220)
   defining Unicode char U+00DD (decimal 221)
   defining Unicode char U+00DE (decimal 222)
   defining Unicode char U+00DF (decimal 223)
   defining Unicode char U+00E0 (decimal 224)
   defining Unicode char U+00E1 (decimal 225)
   defining Unicode char U+00E2 (decimal 226)
   defining Unicode char U+00E3 (decimal 227)
   defining Unicode char U+00E4 (decimal 228)
   defining Unicode char U+00E5 (decimal 229)
   defining Unicode char U+00E6 (decimal 230)
   defining Unicode char U+00E7 (decimal 231)
   defining Unicode char U+00E8 (decimal 232)
   defining Unicode char U+00E9 (decimal 233)
   defining Unicode char U+00EA (decimal 234)
   defining Unicode char U+00EB (decimal 235)
   defining Unicode char U+00EC (decimal 236)
   defining Unicode char U+00ED (decimal 237)
   defining Unicode char U+00EE (decimal 238)
   defining Unicode char U+00EF (decimal 239)
   defining Unicode char U+00F0 (decimal 240)
   defining Unicode char U+00F1 (decimal 241)
   defining Unicode char U+00F2 (decimal 242)
   defining Unicode char U+00F3 (decimal 243)
   defining Unicode char U+00F4 (decimal 244)
   defining Unicode char U+00F5 (decimal 245)
   defining Unicode char U+00F6 (decimal 246)
   defining Unicode char U+00F8 (decimal 248)
   defining Unicode char U+00F9 (decimal 249)
   defining Unicode char U+00FA (decimal 250)
   defining Unicode char U+00FB (decimal 251)
   defining Unicode char U+00FC (decimal 252)
   defining Unicode char U+00FD (decimal 253)
   defining Unicode char U+00FE (decimal 254)
   defining Unicode char U+00FF (decimal 255)
   defining Unicode char U+0100 (decimal 256)
   defining Unicode char U+0101 (decimal 257)
   defining Unicode char U+0102 (decimal 258)
   defining Unicode char U+0103 (decimal 259)
   defining Unicode char U+0104 (decimal 260)
   defining Unicode char U+0105 (decimal 261)
   defining Unicode char U+0106 (decimal 262)
   defining Unicode char U+0107 (decimal 263)
   defining Unicode char U+0108 (decimal 264)
   defining Unicode char U+0109 (decimal 265)
   defining Unicode char U+010A (decimal 266)
   defining Unicode char U+010B (decimal 267)
   defining Unicode char U+010C (decimal 268)
   defining Unicode char U+010D (decimal 269)
   defining Unicode char U+010E (decimal 270)
   defining Unicode char U+010F (decimal 271)
   defining Unicode char U+0110 (decimal 272)
   defining Unicode char U+0111 (decimal 273)
   defining Unicode char U+0112 (decimal 274)
   defining Unicode char U+0113 (decimal 275)
   defining Unicode char U+0114 (decimal 276)
   defining Unicode char U+0115 (decimal 277)
   defining Unicode char U+0116 (decimal 278)
   defining Unicode char U+0117 (decimal 279)
   defining Unicode char U+0118 (decimal 280)
   defining Unicode char U+0119 (decimal 281)
   defining Unicode char U+011A (decimal 282)
   defining Unicode char U+011B (decimal 283)
   defining Unicode char U+011C (decimal 284)
   defining Unicode char U+011D (decimal 285)
   defining Unicode char U+011E (decimal 286)
   defining Unicode char U+011F (decimal 287)
   defining Unicode char U+0120 (decimal 288)
   defining Unicode char U+0121 (decimal 289)
   defining Unicode char U+0122 (decimal 290)
   defining Unicode char U+0123 (decimal 291)
   defining Unicode char U+0124 (decimal 292)
   defining Unicode char U+0125 (decimal 293)
   defining Unicode char U+0128 (decimal 296)
   defining Unicode char U+0129 (decimal 297)
   defining Unicode char U+012A (decimal 298)
   defining Unicode char U+012B (decimal 299)
   defining Unicode char U+012C (decimal 300)
   defining Unicode char U+012D (decimal 301)
   defining Unicode char U+012E (decimal 302)
   defining Unicode char U+012F (decimal 303)
   defining Unicode char U+0130 (decimal 304)
   defining Unicode char U+0131 (decimal 305)
   defining Unicode char U+0132 (decimal 306)
   defining Unicode char U+0133 (decimal 307)
   defining Unicode char U+0134 (decimal 308)
   defining Unicode char U+0135 (decimal 309)
   defining Unicode char U+0136 (decimal 310)
   defining Unicode char U+0137 (decimal 311)
   defining Unicode char U+0139 (decimal 313)
   defining Unicode char U+013A (decimal 314)
   defining Unicode char U+013B (decimal 315)
   defining Unicode char U+013C (decimal 316)
   defining Unicode char U+013D (decimal 317)
   defining Unicode char U+013E (decimal 318)
   defining Unicode char U+0141 (decimal 321)
   defining Unicode char U+0142 (decimal 322)
   defining Unicode char U+0143 (decimal 323)
   defining Unicode char U+0144 (decimal 324)
   defining Unicode char U+0145 (decimal 325)
   defining Unicode char U+0146 (decimal 326)
   defining Unicode char U+0147 (decimal 327)
   defining Unicode char U+0148 (decimal 328)
   defining Unicode char U+014A (decimal 330)
   defining Unicode char U+014B (decimal 331)
   defining Unicode char U+014C (decimal 332)
   defining Unicode char U+014D (decimal 333)
   defining Unicode char U+014E (decimal 334)
   defining Unicode char U+014F (decimal 335)
   defining Unicode char U+0150 (decimal 336)
   defining Unicode char U+0151 (decimal 337)
   defining Unicode char U+0152 (decimal 338)
   defining Unicode char U+0153 (decimal 339)
   defining Unicode char U+0154 (decimal 340)
   defining Unicode char U+0155 (decimal 341)
   defining Unicode char U+0156 (decimal 342)
   defining Unicode char U+0157 (decimal 343)
   defining Unicode char U+0158 (decimal 344)
   defining Unicode char U+0159 (decimal 345)
   defining Unicode char U+015A (decimal 346)
   defining Unicode char U+015B (decimal 347)
   defining Unicode char U+015C (decimal 348)
   defining Unicode char U+015D (decimal 349)
   defining Unicode char U+015E (decimal 350)
   defining Unicode char U+015F (decimal 351)
   defining Unicode char U+0160 (decimal 352)
   defining Unicode char U+0161 (decimal 353)
   defining Unicode char U+0162 (decimal 354)
   defining Unicode char U+0163 (decimal 355)
   defining Unicode char U+0164 (decimal 356)
   defining Unicode char U+0165 (decimal 357)
   defining Unicode char U+0168 (decimal 360)
   defining Unicode char U+0169 (decimal 361)
   defining Unicode char U+016A (decimal 362)
   defining Unicode char U+016B (decimal 363)
   defining Unicode char U+016C (decimal 364)
   defining Unicode char U+016D (decimal 365)
   defining Unicode char U+016E (decimal 366)
   defining Unicode char U+016F (decimal 367)
   defining Unicode char U+0170 (decimal 368)
   defining Unicode char U+0171 (decimal 369)
   defining Unicode char U+0172 (decimal 370)
   defining Unicode char U+0173 (decimal 371)
   defining Unicode char U+0174 (decimal 372)
   defining Unicode char U+0175 (decimal 373)
   defining Unicode char U+0176 (decimal 374)
   defining Unicode char U+0177 (decimal 375)
   defining Unicode char U+0178 (decimal 376)
   defining Unicode char U+0179 (decimal 377)
   defining Unicode char U+017A (decimal 378)
   defining Unicode char U+017B (decimal 379)
   defining Unicode char U+017C (decimal 380)
   defining Unicode char U+017D (decimal 381)
   defining Unicode char U+017E (decimal 382)
   defining Unicode char U+01CD (decimal 461)
   defining Unicode char U+01CE (decimal 462)
   defining Unicode char U+01CF (decimal 463)
   defining Unicode char U+01D0 (decimal 464)
   defining Unicode char U+01D1 (decimal 465)
   defining Unicode char U+01D2 (decimal 466)
   defining Unicode char U+01D3 (decimal 467)
   defining Unicode char U+01D4 (decimal 468)
   defining Unicode char U+01E2 (decimal 482)
   defining Unicode char U+01E3 (decimal 483)
   defining Unicode char U+01E6 (decimal 486)
   defining Unicode char U+01E7 (decimal 487)
   defining Unicode char U+01E8 (decimal 488)
   defining Unicode char U+01E9 (decimal 489)
   defining Unicode char U+01EA (decimal 490)
   defining Unicode char U+01EB (decimal 491)
   defining Unicode char U+01F0 (decimal 496)
   defining Unicode char U+01F4 (decimal 500)
   defining Unicode char U+01F5 (decimal 501)
   defining Unicode char U+0218 (decimal 536)
   defining Unicode char U+0219 (decimal 537)
   defining Unicode char U+021A (decimal 538)
   defining Unicode char U+021B (decimal 539)
   defining Unicode char U+1E02 (decimal 7682)
   defining Unicode char U+1E03 (decimal 7683)
   defining Unicode char U+200C (decimal 8204)
   defining Unicode char U+2010 (decimal 8208)
   defining Unicode char U+2011 (decimal 8209)
   defining Unicode char U+2012 (decimal 8210)
   defining Unicode char U+2013 (decimal 8211)
   defining Unicode char U+2014 (decimal 8212)
   defining Unicode char U+2015 (decimal 8213)
   defining Unicode char U+2018 (decimal 8216)
   defining Unicode char U+2019 (decimal 8217)
   defining Unicode char U+201A (decimal 8218)
   defining Unicode char U+201C (decimal 8220)
   defining Unicode char U+201D (decimal 8221)
   defining Unicode char U+201E (decimal 8222)
   defining Unicode char U+2030 (decimal 8240)
   defining Unicode char U+2031 (decimal 8241)
   defining Unicode char U+2039 (decimal 8249)
   defining Unicode char U+203A (decimal 8250)
   defining Unicode char U+2423 (decimal 9251)
)
Now handling font encoding OT1 ...
... processing UTF-8 mapping file for font encoding OT1
 (c:/texlive/2016/texmf-dist/tex/latex/base/ot1enc.dfu
File: ot1enc.dfu 2016/02/28 v1.1s UTF-8 support for inputenc
   defining Unicode char U+00A0 (decimal 160)
   defining Unicode char U+00A1 (decimal 161)
   defining Unicode char U+00A3 (decimal 163)
   defining Unicode char U+00AD (decimal 173)
   defining Unicode char U+00B8 (decimal 184)
   defining Unicode char U+00BF (decimal 191)
   defining Unicode char U+00C5 (decimal 197)
   defining Unicode char U+00C6 (decimal 198)
   defining Unicode char U+00D8 (decimal 216)
   defining Unicode char U+00DF (decimal 223)
   defining Unicode char U+00E6 (decimal 230)
   defining Unicode char U+00EC (decimal 236)
   defining Unicode char U+00ED (decimal 237)
   defining Unicode char U+00EE (decimal 238)
   defining Unicode char U+00EF (decimal 239)
   defining Unicode char U+00F8 (decimal 248)
   defining Unicode char U+0131 (decimal 305)
   defining Unicode char U+0141 (decimal 321)
   defining Unicode char U+0142 (decimal 322)
   defining Unicode char U+0152 (decimal 338)
   defining Unicode char U+0153 (decimal 339)
   defining Unicode char U+0174 (decimal 372)
   defining Unicode char U+0175 (decimal 373)
   defining Unicode char U+0176 (decimal 374)
   defining Unicode char U+0177 (decimal 375)
   defining Unicode char U+0218 (decimal 536)
   defining Unicode char U+0219 (decimal 537)
   defining Unicode char U+021A (decimal 538)
   defining Unicode char U+021B (decimal 539)
   defining Unicode char U+2013 (decimal 8211)
   defining Unicode char U+2014 (decimal 8212)
   defining Unicode char U+2018 (decimal 8216)
   defining Unicode char U+2019 (decimal 8217)
   defining Unicode char U+201C (decimal 8220)
   defining Unicode char U+201D (decimal 8221)
)
Now handling font encoding OMS ...
... processing UTF-8 mapping file for font encoding OMS
 (c:/texlive/2016/texmf-dist/tex/latex/base/omsenc.dfu
File: omsenc.dfu 2016/02/28 v1.1s UTF-8 support for inputenc
   defining Unicode char U+00A7 (decimal 167)
   defining Unicode char U+00B6 (decimal 182)
   defining Unicode char U+00B7 (decimal 183)
   defining Unicode char U+2020 (decimal 8224)
   defining Unicode char U+2021 (decimal 8225)
   defining Unicode char U+2022 (decimal 8226)
)
Now handling font encoding OMX ...
... no UTF-8 mapping file for font encoding OMX
Now handling font encoding U ...
... no UTF-8 mapping file for font encoding U
   defining Unicode char U+00A9 (decimal 169)
   defining Unicode char U+00AA (decimal 170)
   defining Unicode char U+00AE (decimal 174)
   defining Unicode char U+00BA (decimal 186)
   defining Unicode char U+02C6 (decimal 710)
   defining Unicode char U+02DC (decimal 732)
   defining Unicode char U+200C (decimal 8204)
   defining Unicode char U+2026 (decimal 8230)
   defining Unicode char U+2122 (decimal 8482)
   defining Unicode char U+2423 (decimal 9251)
)) (c:/texlive/2016/texmf-dist/tex/latex/glossaries/base/glossaries.sty
Package: glossaries 2016/06/09 v4.25 (NLCT)
 (c:/texlive/2016/texmf-dist/tex/latex/base/ifthen.sty
Package: ifthen 2014/09/29 v1.1c Standard LaTeX ifthen package (DPC)
) (c:/texlive/2016/texmf-dist/tex/latex/xkeyval/xkeyval.sty
Package: xkeyval 2014/12/03 v2.7a package option processing (HA)
 (c:/texlive/2016/texmf-dist/tex/generic/xkeyval/xkeyval.tex (c:/texlive/2016/texmf-dist/tex/generic/xkeyval/xkvutils.tex
\XKV@toks=\toks16
\XKV@tempa@toks=\toks17
 (c:/texlive/2016/texmf-dist/tex/generic/xkeyval/keyval.tex))
\XKV@depth=\count88
File: xkeyval.tex 2014/12/03 v2.7a key=value parser (HA)
)) (c:/texlive/2016/texmf-dist/tex/latex/mfirstuc/mfirstuc.sty
Package: mfirstuc 2016/07/31 v2.04 (NLCT)
 (c:/texlive/2016/texmf-dist/tex/latex/etoolbox/etoolbox.sty
Package: etoolbox 2015/08/02 v2.2a e-TeX tools for LaTeX (JAW)
\etb@tempcnta=\count89
)
\@glsmfirst=\toks18
\@glsmrest=\toks19
) (c:/texlive/2016/texmf-dist/tex/latex/textcase/textcase.sty
Package: textcase 2004/10/07 v0.07 Text only upper/lower case changing (DPC)
)
(c:/texlive/2016/texmf-dist/tex/latex/xfor/xfor.sty
Package: xfor 2009/02/05 v1.05 (NLCT)
) (c:/texlive/2016/texmf-dist/tex/latex/datatool/datatool-base.sty
Package: datatool-base 2016/07/28 v2.27 (NLCT)
 (c:/texlive/2016/texmf-dist/tex/latex/amsmath/amsmath.sty
Package: amsmath 2016/06/28 v2.15d AMS math features
\@mathmargin=\skip43

For additional information on amsmath, use the `?' option.
(c:/texlive/2016/texmf-dist/tex/latex/amsmath/amstext.sty
Package: amstext 2000/06/29 v2.01 AMS text
 (c:/texlive/2016/texmf-dist/tex/latex/amsmath/amsgen.sty
File: amsgen.sty 1999/11/30 v2.0 generic functions
\@emptytoks=\toks20
\ex@=\dimen103
)) (c:/texlive/2016/texmf-dist/tex/latex/amsmath/amsbsy.sty
Package: amsbsy 1999/11/29 v1.2d Bold Symbols
\pmbraise@=\dimen104
) (c:/texlive/2016/texmf-dist/tex/latex/amsmath/amsopn.sty
Package: amsopn 2016/03/08 v2.02 operator names
)
\inf@bad=\count90
LaTeX Info: Redefining \frac on input line 199.
\uproot@=\count91
\leftroot@=\count92
LaTeX Info: Redefining \overline on input line 297.
\classnum@=\count93
\DOTSCASE@=\count94
LaTeX Info: Redefining \ldots on input line 394.
LaTeX Info: Redefining \dots on input line 397.
LaTeX Info: Redefining \cdots on input line 518.
\Mathstrutbox@=\box26
\strutbox@=\box27
\big@size=\dimen105
LaTeX Font Info:    Redeclaring font encoding OML on input line 634.
LaTeX Font Info:    Redeclaring font encoding OMS on input line 635.
\macc@depth=\count95
\c@MaxMatrixCols=\count96
\dotsspace@=\muskip10
\c@parentequation=\count97
\dspbrk@lvl=\count98
\tag@help=\toks21
\row@=\count99
\column@=\count100
\maxfields@=\count101
\andhelp@=\toks22
\eqnshift@=\dimen106
\alignsep@=\dimen107
\tagshift@=\dimen108
\tagwidth@=\dimen109
\totwidth@=\dimen110
\lineht@=\dimen111
\@envbody=\toks23
\multlinegap=\skip44
\multlinetaggap=\skip45
\mathdisplay@stack=\toks24
LaTeX Info: Redefining \[ on input line 2739.
LaTeX Info: Redefining \] on input line 2740.
) (c:/texlive/2016/texmf-dist/tex/latex/substr/substr.sty
Package: substr 2009/10/20 v1.2 Handle substrings
\c@su@anzahl=\count102
) (c:/texlive/2016/texmf-dist/tex/latex/datatool/datatool-fp.sty
Package: datatool-fp 2016/07/28 v2.27 (NLCT)
 (c:/texlive/2016/texmf-dist/tex/latex/fp/fp.sty
Package: fp 1995/04/02
 `Fixed Point Package', Version 0.8, April 2, 1995 (C) Michael Mehlich (c:/texlive/2016/texmf-dist/tex/latex/fp/defpattern.sty
Package: defpattern 1994/10/12
\actioncount=\count103
) (c:/texlive/2016/texmf-dist/tex/latex/fp/fp-basic.sty
Package: fp-basic 1996/05/13
\FP@xs=\count104
\FP@xia=\count105
\FP@xib=\count106
\FP@xfa=\count107
\FP@xfb=\count108
\FP@rega=\count109
\FP@regb=\count110
\FP@regs=\count111
\FP@times=\count112
) (c:/texlive/2016/texmf-dist/tex/latex/fp/fp-addons.sty
Package: fp-addons 1995/03/15
) (c:/texlive/2016/texmf-dist/tex/latex/fp/fp-snap.sty
Package: fp-snap 1995/04/05
) (c:/texlive/2016/texmf-dist/tex/latex/fp/fp-exp.sty
Package: fp-exp 1995/04/03
) (c:/texlive/2016/texmf-dist/tex/latex/fp/fp-trigo.sty
Package: fp-trigo 1995/04/14
) (c:/texlive/2016/texmf-dist/tex/latex/fp/fp-pas.sty
Package: fp-pas 1994/08/29
) (c:/texlive/2016/texmf-dist/tex/latex/fp/fp-random.sty
Package: fp-random 1995/02/23
\FPseed=\count113
) (c:/texlive/2016/texmf-dist/tex/latex/fp/fp-eqn.sty
Package: fp-eqn 1995/04/03
)
(c:/texlive/2016/texmf-dist/tex/latex/fp/fp-upn.sty
Package: fp-upn 1996/10/21
) (c:/texlive/2016/texmf-dist/tex/latex/fp/fp-eval.sty
Package: fp-eval 1995/04/03
)))
\@dtl@toks=\toks25
\@dtl@tmpcount=\count114
\dtl@tmplength=\skip46
\dtl@sortresult=\count115
\@dtl@numgrpsepcount=\count116
\@dtl@datatype=\count117
\dtl@codeA=\count118
\dtl@codeB=\count119
\@dtl@foreach@level=\count120
) (c:/texlive/2016/texmf-dist/tex/latex/glossaries/base/glossaries-compatible-307.sty
Package: glossaries-compatible-307 2016/06/09 v4.25 (NLCT)
)
\gls@level=\count121
\@gls@tmpb=\toks26
\gls@tmplen=\skip47
\glskeylisttok=\toks27
\glslabeltok=\toks28
\glsshorttok=\toks29
\glslongtok=\toks30
 (c:/texlive/2016/texmf-dist/tex/latex/glossaries/styles/glossary-hypernav.sty
Package: glossary-hypernav 2016/06/09 v4.25 (NLCT)
) (c:/texlive/2016/texmf-dist/tex/latex/glossaries/styles/glossary-list.sty
Package: glossary-list 2016/06/09 v4.25 (NLCT)
\glslistdottedwidth=\skip48
) (c:/texlive/2016/texmf-dist/tex/latex/glossaries/styles/glossary-long.sty
Package: glossary-long 2016/06/09 v4.25 (NLCT)
 (c:/texlive/2016/texmf-dist/tex/latex/tools/longtable.sty
Package: longtable 2014/10/28 v4.11 Multi-page Table package (DPC)
\LTleft=\skip49
\LTright=\skip50
\LTpre=\skip51
\LTpost=\skip52
\LTchunksize=\count122
\LTcapwidth=\dimen112
\LT@head=\box28
\LT@firsthead=\box29
\LT@foot=\box30
\LT@lastfoot=\box31
\LT@cols=\count123
\LT@rows=\count124
\c@LT@tables=\count125
\c@LT@chunks=\count126
\LT@p@ftn=\toks31
)
\glsdescwidth=\skip53
\glspagelistwidth=\skip54
) (c:/texlive/2016/texmf-dist/tex/latex/glossaries/styles/glossary-super.sty
Package: glossary-super 2016/06/09 v4.25 (NLCT)
 (c:/texlive/2016/texmf-dist/tex/latex/supertabular/supertabular.sty
Package: supertabular 2004/02/20 v4.1e the supertabular environment
\c@tracingst=\count127
\ST@wd=\dimen113
\ST@rightskip=\skip55
\ST@leftskip=\skip56
\ST@parfillskip=\skip57
\ST@pageleft=\dimen114
\ST@headht=\dimen115
\ST@tailht=\dimen116
\ST@pagesofar=\dimen117
\ST@pboxht=\dimen118
\ST@lineht=\dimen119
\ST@stretchht=\dimen120
\ST@prevht=\dimen121
\ST@toadd=\dimen122
\ST@dimen=\dimen123
\ST@pbox=\box32
)) (c:/texlive/2016/texmf-dist/tex/latex/glossaries/styles/glossary-tree.sty
Package: glossary-tree 2016/06/09 v4.25 (NLCT)
\glstreeindent=\skip58
)) (c:/texlive/2016/texmf-dist/tex/latex/biblatex/biblatex.sty
Package: biblatex 2016/05/14 v3.4 programmable bibliographies (PK/JW/AB)
 (c:/texlive/2016/texmf-dist/tex/generic/iftex/iftex.sty
Package: iftex 2013/04/04 v0.2 Provides if(tex) conditional for PDFTeX, XeTeX, and LuaTeX
) (c:/texlive/2016/texmf-dist/tex/generic/oberdiek/pdftexcmds.sty
Package: pdftexcmds 2016/05/21 v0.22 Utility functions of pdfTeX for LuaTeX (HO)
 (c:/texlive/2016/texmf-dist/tex/generic/oberdiek/infwarerr.sty
Package: infwarerr 2016/05/16 v1.4 Providing info/warning/error messages (HO)
)
(c:/texlive/2016/texmf-dist/tex/generic/oberdiek/ifluatex.sty
Package: ifluatex 2016/05/16 v1.4 Provides the ifluatex switch (HO)
Package ifluatex Info: LuaTeX not detected.
) (c:/texlive/2016/texmf-dist/tex/generic/oberdiek/ltxcmds.sty
Package: ltxcmds 2016/05/16 v1.23 LaTeX kernel commands for general use (HO)
) (c:/texlive/2016/texmf-dist/tex/generic/oberdiek/ifpdf.sty
Package: ifpdf 2016/05/14 v3.1 Provides the ifpdf switch
)
Package pdftexcmds Info: LuaTeX not detected.
Package pdftexcmds Info: \pdf@primitive is available.
Package pdftexcmds Info: \pdf@ifprimitive is available.
Package pdftexcmds Info: \pdfdraftmode found.
) (c:/texlive/2016/texmf-dist/tex/latex/oberdiek/kvoptions.sty
Package: kvoptions 2016/05/16 v3.12 Key value format for package options (HO)
 (c:/texlive/2016/texmf-dist/tex/generic/oberdiek/kvsetkeys.sty
Package: kvsetkeys 2016/05/16 v1.17 Key value parser (HO)
 (c:/texlive/2016/texmf-dist/tex/generic/oberdiek/etexcmds.sty
Package: etexcmds 2016/05/16 v1.6 Avoid name clashes with e-TeX commands (HO)
Package etexcmds Info: Could not find \expanded.
(etexcmds)             That can mean that you are not using pdfTeX 1.50 or
(etexcmds)             that some package has redefined \expanded.
(etexcmds)             In the latter case, load this package earlier.
))) (c:/texlive/2016/texmf-dist/tex/latex/logreq/logreq.sty
Package: logreq 2010/08/04 v1.0 xml request logger
\lrq@indent=\count128
 (c:/texlive/2016/texmf-dist/tex/latex/logreq/logreq.def
File: logreq.def 2010/08/04 v1.0 logreq spec v1.0
)) (c:/texlive/2016/texmf-dist/tex/latex/url/url.sty
\Urlmuskip=\muskip11
Package: url 2013/09/16  ver 3.4  Verb mode for urls, etc.
) (c:/texlive/2016/texmf-dist/tex/generic/xstring/xstring.sty (c:/texlive/2016/texmf-dist/tex/generic/xstring/xstring.tex
\@xs@message=\write3
\integerpart=\count129
\decimalpart=\count130
)
Package: xstring 2013/10/13  v1.7c  String manipulations (C Tellechea)
)
\c@tabx@nest=\count131
\c@listtotal=\count132
\c@listcount=\count133
\c@liststart=\count134
\c@liststop=\count135
\c@citecount=\count136
\c@citetotal=\count137
\c@multicitecount=\count138
\c@multicitetotal=\count139
\c@instcount=\count140
\c@maxnames=\count141
\c@minnames=\count142
\c@maxitems=\count143
\c@minitems=\count144
\c@citecounter=\count145
\c@savedcitecounter=\count146
\c@uniquelist=\count147
\c@uniquename=\count148
\c@refsection=\count149
\c@refsegment=\count150
\c@maxextratitle=\count151
\c@maxextratitleyear=\count152
\c@maxextrayear=\count153
\c@maxextraalpha=\count154
\c@abbrvpenalty=\count155
\c@highnamepenalty=\count156
\c@lownamepenalty=\count157
\c@maxparens=\count158
\c@parenlevel=\count159
\blx@tempcnta=\count160
\blx@tempcntb=\count161
\blx@tempcntc=\count162
\blx@maxsection=\count163
\blx@maxsegment@0=\count164
\blx@notetype=\count165
\blx@parenlevel@text=\count166
\blx@parenlevel@foot=\count167
\blx@sectionciteorder@0=\count168
\labelnumberwidth=\skip59
\labelalphawidth=\skip60
\biblabelsep=\skip61
\bibitemsep=\skip62
\bibnamesep=\skip63
\bibinitsep=\skip64
\bibparsep=\skip65
\bibhang=\skip66
\blx@bcfin=\read1
\blx@bcfout=\write4
\c@mincomprange=\count169
\c@maxcomprange=\count170
\c@mincompwidth=\count171
Package biblatex Info: Trying to load biblatex default data model...
Package biblatex Info: ... file 'blx-dm.def' found.
 (c:/texlive/2016/texmf-dist/tex/latex/biblatex/blx-dm.def)
Package biblatex Info: Trying to load biblatex style data model...
Package biblatex Info: ... file 'numeric.dbx' not found.
Package biblatex Info: Trying to load biblatex custom data model...
Package biblatex Info: ... file 'biblatex-dm.cfg' not found.
\c@afterword=\count172
\c@savedafterword=\count173
\c@annotator=\count174
\c@savedannotator=\count175
\c@author=\count176
\c@savedauthor=\count177
\c@bookauthor=\count178
\c@savedbookauthor=\count179
\c@commentator=\count180
\c@savedcommentator=\count181
\c@editor=\count182
\c@savededitor=\count183
\c@editora=\count184
\c@savededitora=\count185
\c@editorb=\count186
\c@savededitorb=\count187
\c@editorc=\count188
\c@savededitorc=\count189
\c@foreword=\count190
\c@savedforeword=\count191
\c@holder=\count192
\c@savedholder=\count193
\c@introduction=\count194
\c@savedintroduction=\count195
\c@namea=\count196
\c@savednamea=\count197
\c@nameb=\count198
\c@savednameb=\count199
\c@namec=\count266
\c@savednamec=\count267
\c@translator=\count268
\c@savedtranslator=\count269
\c@shortauthor=\count270
\c@savedshortauthor=\count271
\c@shorteditor=\count272
\c@savedshorteditor=\count273
\c@labelname=\count274
\c@savedlabelname=\count275
\c@institution=\count276
\c@savedinstitution=\count277
\c@lista=\count278
\c@savedlista=\count279
\c@listb=\count280
\c@savedlistb=\count281
\c@listc=\count282
\c@savedlistc=\count283
\c@listd=\count284
\c@savedlistd=\count285
\c@liste=\count286
\c@savedliste=\count287
\c@listf=\count288
\c@savedlistf=\count289
\c@location=\count290
\c@savedlocation=\count291
\c@organization=\count292
\c@savedorganization=\count293
\c@origlocation=\count294
\c@savedoriglocation=\count295
\c@origpublisher=\count296
\c@savedorigpublisher=\count297
\c@publisher=\count298
\c@savedpublisher=\count299
\c@language=\count300
\c@savedlanguage=\count301
\c@pageref=\count302
\c@savedpageref=\count303
\shorthandwidth=\skip67
\shortjournalwidth=\skip68
\shortserieswidth=\skip69
\shorttitlewidth=\skip70
\shortauthorwidth=\skip71
\shorteditorwidth=\skip72
Package biblatex Info: Trying to load compatibility code...
Package biblatex Info: ... file 'blx-compat.def' found.
 (c:/texlive/2016/texmf-dist/tex/latex/biblatex/blx-compat.def
File: blx-compat.def 2016/05/14 v3.4 biblatex compatibility (PK/JW/AB)
)
Package biblatex Info: Trying to load generic definitions...
Package biblatex Info: ... file 'biblatex.def' found.
 (c:/texlive/2016/texmf-dist/tex/latex/biblatex/biblatex.def
File: biblatex.def 2016/05/14 v3.4 biblatex compatibility (PK/JW/AB)
\c@textcitecount=\count304
\c@textcitetotal=\count305
\c@textcitemaxnames=\count306
\c@biburlnumpenalty=\count307
\c@biburlucpenalty=\count308
\c@biburllcpenalty=\count309
\c@smartand=\count310
)
Package biblatex Info: Trying to load bibliography style 'numeric'...
Package biblatex Info: ... file 'numeric.bbx' found.
 (c:/texlive/2016/texmf-dist/tex/latex/biblatex/bbx/numeric.bbx
File: numeric.bbx 2016/05/14 v3.4 biblatex bibliography style (PK/JW/AB)
Package biblatex Info: Trying to load bibliography style 'standard'...
Package biblatex Info: ... file 'standard.bbx' found.
 (c:/texlive/2016/texmf-dist/tex/latex/biblatex/bbx/standard.bbx
File: standard.bbx 2016/05/14 v3.4 biblatex bibliography style (PK/JW/AB)
\c@bbx:relatedcount=\count311
\c@bbx:relatedtotal=\count312
))
Package biblatex Info: Trying to load citation style 'numeric'...
Package biblatex Info: ... file 'numeric.cbx' found.

(c:/texlive/2016/texmf-dist/tex/latex/biblatex/cbx/numeric.cbx
File: numeric.cbx 2016/05/14 v3.4 biblatex citation style (PK/JW/AB)
Package biblatex Info: Redefining '\cite'.
Package biblatex Info: Redefining '\parencite'.
Package biblatex Info: Redefining '\footcite'.
Package biblatex Info: Redefining '\footcitetext'.
Package biblatex Info: Redefining '\smartcite'.
Package biblatex Info: Redefining '\supercite'.
Package biblatex Info: Redefining '\textcite'.
Package biblatex Info: Redefining '\textcites'.
Package biblatex Info: Redefining '\cites'.
Package biblatex Info: Redefining '\parencites'.
Package biblatex Info: Redefining '\smartcites'.
)
Package biblatex Info: Trying to load configuration file...
Package biblatex Info: ... file 'biblatex.cfg' found.
 (c:/texlive/2016/texmf-dist/tex/latex/biblatex/biblatex.cfg
File: biblatex.cfg 
)) (c:/texlive/2016/texmf-dist/tex/latex/hyperref/hyperref.sty
Package: hyperref 2016/06/24 v6.83q Hypertext links for LaTeX
 (c:/texlive/2016/texmf-dist/tex/generic/oberdiek/hobsub-hyperref.sty
Package: hobsub-hyperref 2016/05/16 v1.14 Bundle oberdiek, subset hyperref (HO)
 (c:/texlive/2016/texmf-dist/tex/generic/oberdiek/hobsub-generic.sty
Package: hobsub-generic 2016/05/16 v1.14 Bundle oberdiek, subset generic (HO)
Package: hobsub 2016/05/16 v1.14 Construct package bundles (HO)
Package hobsub Info: Skipping package `infwarerr' (already loaded).
Package hobsub Info: Skipping package `ltxcmds' (already loaded).
Package hobsub Info: Skipping package `ifluatex' (already loaded).
Package: ifvtex 2016/05/16 v1.6 Detect VTeX and its facilities (HO)
Package ifvtex Info: VTeX not detected.
Package: intcalc 2016/05/16 v1.2 Expandable calculations with integers (HO)
Package hobsub Info: Skipping package `ifpdf' (already loaded).
Package hobsub Info: Skipping package `etexcmds' (already loaded).
Package hobsub Info: Skipping package `kvsetkeys' (already loaded).
Package: kvdefinekeys 2016/05/16 v1.4 Define keys (HO)
Package hobsub Info: Skipping package `pdftexcmds' (already loaded).
Package: pdfescape 2016/05/16 v1.14 Implements pdfTeX's escape features (HO)
Package: bigintcalc 2016/05/16 v1.4 Expandable calculations on big integers (HO)
Package: bitset 2016/05/16 v1.2 Handle bit-vector datatype (HO)
Package: uniquecounter 2016/05/16 v1.3 Provide unlimited unique counter (HO)
)
Package hobsub Info: Skipping package `hobsub' (already loaded).
Package: letltxmacro 2016/05/16 v1.5 Let assignment for LaTeX macros (HO)
Package: hopatch 2016/05/16 v1.3 Wrapper for package hooks (HO)
Package: xcolor-patch 2016/05/16 xcolor patch
Package: atveryend 2016/05/16 v1.9 Hooks at the very end of document (HO)
Package: atbegshi 2016/06/09 v1.18 At begin shipout hook (HO)
Package: refcount 2016/05/16 v3.5 Data extraction from label references (HO)
Package: hycolor 2016/05/16 v1.8 Color options for hyperref/bookmark (HO)
) (c:/texlive/2016/texmf-dist/tex/generic/ifxetex/ifxetex.sty
Package: ifxetex 2010/09/12 v0.6 Provides ifxetex conditional
) (c:/texlive/2016/texmf-dist/tex/latex/oberdiek/auxhook.sty
Package: auxhook 2016/05/16 v1.4 Hooks for auxiliary files (HO)
)
\@linkdim=\dimen124
\Hy@linkcounter=\count313
\Hy@pagecounter=\count314
 (c:/texlive/2016/texmf-dist/tex/latex/hyperref/pd1enc.def
File: pd1enc.def 2016/06/24 v6.83q Hyperref: PDFDocEncoding definition (HO)
Now handling font encoding PD1 ...
... no UTF-8 mapping file for font encoding PD1
)
\Hy@SavedSpaceFactor=\count315
 (c:/texlive/2016/texmf-dist/tex/latex/latexconfig/hyperref.cfg
File: hyperref.cfg 2002/06/06 v1.2 hyperref configuration of TeXLive
)
Package hyperref Info: Hyper figures OFF on input line 4486.
Package hyperref Info: Link nesting OFF on input line 4491.
Package hyperref Info: Hyper index ON on input line 4494.
Package hyperref Info: Plain pages OFF on input line 4501.
Package hyperref Info: Backreferencing OFF on input line 4506.
Package hyperref Info: Implicit mode ON; LaTeX internals redefined.
Package hyperref Info: Bookmarks ON on input line 4735.
\c@Hy@tempcnt=\count316
LaTeX Info: Redefining \url on input line 5088.
\XeTeXLinkMargin=\dimen125
\Fld@menulength=\count317
\Field@Width=\dimen126
\Fld@charsize=\dimen127
Package hyperref Info: Hyper figures OFF on input line 6342.
Package hyperref Info: Link nesting OFF on input line 6347.
Package hyperref Info: Hyper index ON on input line 6350.
Package hyperref Info: backreferencing OFF on input line 6357.
Package hyperref Info: Link coloring OFF on input line 6362.
Package hyperref Info: Link coloring with OCG OFF on input line 6367.
Package hyperref Info: PDF/A mode OFF on input line 6372.
LaTeX Info: Redefining \ref on input line 6412.
LaTeX Info: Redefining \pageref on input line 6416.
\Hy@abspage=\count318
\c@Item=\count319
\c@Hfootnote=\count320
)

Package hyperref Message: Driver (autodetected): hpdftex.

(c:/texlive/2016/texmf-dist/tex/latex/hyperref/hpdftex.def
File: hpdftex.def 2016/06/24 v6.83q Hyperref driver for pdfTeX
\Fld@listcount=\count321
\c@bookmark@seq@number=\count322
 (c:/texlive/2016/texmf-dist/tex/latex/oberdiek/rerunfilecheck.sty
Package: rerunfilecheck 2016/05/16 v1.8 Rerun checks for auxiliary files (HO)
Package uniquecounter Info: New unique counter `rerunfilecheck' on input line 282.
)
\Hy@SectionHShift=\skip73
) (c:/texlive/2016/texmf-dist/tex/latex/appendix/appendix.sty
Package: appendix 2009/09/02 v1.2b extra appendix facilities
\c@@pps=\count323
\c@@ppsavesec=\count324
\c@@ppsaveapp=\count325
) (c:/texlive/2016/texmf-dist/tex/latex/geometry/geometry.sty
Package: geometry 2010/09/12 v5.6 Page Geometry
\Gm@cnth=\count326
\Gm@cntv=\count327
\c@Gm@tempcnt=\count328
\Gm@bindingoffset=\dimen128
\Gm@wd@mp=\dimen129
\Gm@odd@mp=\dimen130
\Gm@even@mp=\dimen131
\Gm@layoutwidth=\dimen132
\Gm@layoutheight=\dimen133
\Gm@layouthoffset=\dimen134
\Gm@layoutvoffset=\dimen135
\Gm@dimlist=\toks32
) (c:/texlive/2016/texmf-dist/tex/latex/enumitem/enumitem.sty
Package: enumitem 2011/09/28 v3.5.2 Customized lists
\enitkv@toks@=\toks33
\labelindent=\skip74
\enit@outerparindent=\dimen136
\enit@toks=\toks34
\enit@inbox=\box33
\enitdp@description=\count329
) (c:/texlive/2016/texmf-dist/tex/latex/graphics/graphicx.sty
Package: graphicx 2014/10/28 v1.0g Enhanced LaTeX Graphics (DPC,SPQR)
 (c:/texlive/2016/texmf-dist/tex/latex/graphics/graphics.sty
Package: graphics 2016/07/10 v1.0t Standard LaTeX Graphics (DPC,SPQR)
 (c:/texlive/2016/texmf-dist/tex/latex/graphics/trig.sty
Package: trig 2016/01/03 v1.10 sin cos tan (DPC)
) (c:/texlive/2016/texmf-dist/tex/latex/graphics-cfg/graphics.cfg
File: graphics.cfg 2016/06/04 v1.11 sample graphics configuration
)
Package graphics Info: Driver file: pdftex.def on input line 99.
 (c:/texlive/2016/texmf-dist/tex/latex/graphics-def/pdftex.def
File: pdftex.def 2016/07/10 v0.06j Graphics/color for pdfTeX
\Gread@gobject=\count330
))
\Gin@req@height=\dimen137
\Gin@req@width=\dimen138
) (c:/texlive/2016/texmf-dist/tex/latex/setspace/setspace.sty
Package: setspace 2011/12/19 v6.7a set line spacing
) (c:/texlive/2016/texmf-dist/tex/latex/todonotes/todonotes.sty
Package: todonotes 2015/07/09 .dtx Todonotes source and documentation.
Package: todonotes 2012/07/25
 (c:/texlive/2016/texmf-dist/tex/latex/xcolor/xcolor.sty
Package: xcolor 2016/05/11 v2.12 LaTeX color extensions (UK)
 (c:/texlive/2016/texmf-dist/tex/latex/graphics-cfg/color.cfg
File: color.cfg 2016/01/02 v1.6 sample color configuration
)
Package xcolor Info: Driver file: pdftex.def on input line 225.
Package xcolor Info: Model `cmy' substituted by `cmy0' on input line 1348.
Package xcolor Info: Model `hsb' substituted by `rgb' on input line 1352.
Package xcolor Info: Model `RGB' extended on input line 1364.
Package xcolor Info: Model `HTML' substituted by `rgb' on input line 1366.
Package xcolor Info: Model `Hsb' substituted by `hsb' on input line 1367.
Package xcolor Info: Model `tHsb' substituted by `hsb' on input line 1368.
Package xcolor Info: Model `HSB' substituted by `hsb' on input line 1369.
Package xcolor Info: Model `Gray' substituted by `gray' on input line 1370.
Package xcolor Info: Model `wave' substituted by `hsb' on input line 1371.
) (c:/texlive/2016/texmf-dist/tex/latex/pgf/frontendlayer/tikz.sty (c:/texlive/2016/texmf-dist/tex/latex/pgf/basiclayer/pgf.sty
(c:/texlive/2016/texmf-dist/tex/latex/pgf/utilities/pgfrcs.sty (c:/texlive/2016/texmf-dist/tex/generic/pgf/utilities/pgfutil-common.tex
\pgfutil@everybye=\toks35
\pgfutil@tempdima=\dimen139
\pgfutil@tempdimb=\dimen140
 (c:/texlive/2016/texmf-dist/tex/generic/pgf/utilities/pgfutil-common-lists.tex)) (c:/texlive/2016/texmf-dist/tex/generic/pgf/utilities/pgfutil-latex.def
\pgfutil@abb=\box34
 (c:/texlive/2016/texmf-dist/tex/latex/ms/everyshi.sty
Package: everyshi 2001/05/15 v3.00 EveryShipout Package (MS)
)) (c:/texlive/2016/texmf-dist/tex/generic/pgf/utilities/pgfrcs.code.tex
Package: pgfrcs 2015/08/07 v3.0.1a (rcs-revision 1.31)
))
Package: pgf 2015/08/07 v3.0.1a (rcs-revision 1.15)
 (c:/texlive/2016/texmf-dist/tex/latex/pgf/basiclayer/pgfcore.sty (c:/texlive/2016/texmf-dist/tex/latex/pgf/systemlayer/pgfsys.sty (c:/texlive/2016/texmf-dist/tex/generic/pgf/systemlayer/pgfsys.code.tex
Package: pgfsys 2014/07/09 v3.0.1a (rcs-revision 1.48)
 (c:/texlive/2016/texmf-dist/tex/generic/pgf/utilities/pgfkeys.code.tex
\pgfkeys@pathtoks=\toks36
\pgfkeys@temptoks=\toks37
 (c:/texlive/2016/texmf-dist/tex/generic/pgf/utilities/pgfkeysfiltered.code.tex
\pgfkeys@tmptoks=\toks38
))
\pgf@x=\dimen141
\pgf@y=\dimen142
\pgf@xa=\dimen143
\pgf@ya=\dimen144
\pgf@xb=\dimen145
\pgf@yb=\dimen146
\pgf@xc=\dimen147
\pgf@yc=\dimen148
\w@pgf@writea=\write5
\r@pgf@reada=\read2
\c@pgf@counta=\count331
\c@pgf@countb=\count332
\c@pgf@countc=\count333
\c@pgf@countd=\count334
\t@pgf@toka=\toks39
\t@pgf@tokb=\toks40
\t@pgf@tokc=\toks41
 (c:/texlive/2016/texmf-dist/tex/generic/pgf/systemlayer/pgf.cfg
File: pgf.cfg 2008/05/14  (rcs-revision 1.7)
)
Driver file for pgf: pgfsys-pdftex.def
 (c:/texlive/2016/texmf-dist/tex/generic/pgf/systemlayer/pgfsys-pdftex.def
File: pgfsys-pdftex.def 2014/10/11  (rcs-revision 1.35)
 (c:/texlive/2016/texmf-dist/tex/generic/pgf/systemlayer/pgfsys-common-pdf.def
File: pgfsys-common-pdf.def 2013/10/10  (rcs-revision 1.13)
)))
(c:/texlive/2016/texmf-dist/tex/generic/pgf/systemlayer/pgfsyssoftpath.code.tex
File: pgfsyssoftpath.code.tex 2013/09/09  (rcs-revision 1.9)
\pgfsyssoftpath@smallbuffer@items=\count335
\pgfsyssoftpath@bigbuffer@items=\count336
) (c:/texlive/2016/texmf-dist/tex/generic/pgf/systemlayer/pgfsysprotocol.code.tex
File: pgfsysprotocol.code.tex 2006/10/16  (rcs-revision 1.4)
)) (c:/texlive/2016/texmf-dist/tex/generic/pgf/basiclayer/pgfcore.code.tex
Package: pgfcore 2010/04/11 v3.0.1a (rcs-revision 1.7)
 (c:/texlive/2016/texmf-dist/tex/generic/pgf/math/pgfmath.code.tex (c:/texlive/2016/texmf-dist/tex/generic/pgf/math/pgfmathcalc.code.tex (c:/texlive/2016/texmf-dist/tex/generic/pgf/math/pgfmathutil.code.tex) (c:/texlive/2016/texmf-dist/tex/generic/pgf/math/pgfmathparser.code.tex
\pgfmath@dimen=\dimen149
\pgfmath@count=\count337
\pgfmath@box=\box35
\pgfmath@toks=\toks42
\pgfmath@stack@operand=\toks43
\pgfmath@stack@operation=\toks44
) (c:/texlive/2016/texmf-dist/tex/generic/pgf/math/pgfmathfunctions.code.tex (c:/texlive/2016/texmf-dist/tex/generic/pgf/math/pgfmathfunctions.basic.code.tex) (c:/texlive/2016/texmf-dist/tex/generic/pgf/math/pgfmathfunctions.trigonometric.code.tex) (c:/texlive/2016/texmf-dist/tex/generic/pgf/math/pgfmathfunctions.random.code.tex) (c:/texlive/2016/texmf-dist/tex/generic/pgf/math/pgfmathfunctions.comparison.code.tex)
(c:/texlive/2016/texmf-dist/tex/generic/pgf/math/pgfmathfunctions.base.code.tex) (c:/texlive/2016/texmf-dist/tex/generic/pgf/math/pgfmathfunctions.round.code.tex) (c:/texlive/2016/texmf-dist/tex/generic/pgf/math/pgfmathfunctions.misc.code.tex) (c:/texlive/2016/texmf-dist/tex/generic/pgf/math/pgfmathfunctions.integerarithmetics.code.tex))) (c:/texlive/2016/texmf-dist/tex/generic/pgf/math/pgfmathfloat.code.tex
\c@pgfmathroundto@lastzeros=\count338
)) (c:/texlive/2016/texmf-dist/tex/generic/pgf/basiclayer/pgfcorepoints.code.tex
File: pgfcorepoints.code.tex 2013/10/07  (rcs-revision 1.27)
\pgf@picminx=\dimen150
\pgf@picmaxx=\dimen151
\pgf@picminy=\dimen152
\pgf@picmaxy=\dimen153
\pgf@pathminx=\dimen154
\pgf@pathmaxx=\dimen155
\pgf@pathminy=\dimen156
\pgf@pathmaxy=\dimen157
\pgf@xx=\dimen158
\pgf@xy=\dimen159
\pgf@yx=\dimen160
\pgf@yy=\dimen161
\pgf@zx=\dimen162
\pgf@zy=\dimen163
) (c:/texlive/2016/texmf-dist/tex/generic/pgf/basiclayer/pgfcorepathconstruct.code.tex
File: pgfcorepathconstruct.code.tex 2013/10/07  (rcs-revision 1.29)
\pgf@path@lastx=\dimen164
\pgf@path@lasty=\dimen165
) (c:/texlive/2016/texmf-dist/tex/generic/pgf/basiclayer/pgfcorepathusage.code.tex
File: pgfcorepathusage.code.tex 2014/11/02  (rcs-revision 1.24)
\pgf@shorten@end@additional=\dimen166
\pgf@shorten@start@additional=\dimen167
) (c:/texlive/2016/texmf-dist/tex/generic/pgf/basiclayer/pgfcorescopes.code.tex
File: pgfcorescopes.code.tex 2015/05/08  (rcs-revision 1.46)
\pgfpic=\box36
\pgf@hbox=\box37
\pgf@layerbox@main=\box38
\pgf@picture@serial@count=\count339
) (c:/texlive/2016/texmf-dist/tex/generic/pgf/basiclayer/pgfcoregraphicstate.code.tex
File: pgfcoregraphicstate.code.tex 2014/11/02  (rcs-revision 1.12)
\pgflinewidth=\dimen168
) (c:/texlive/2016/texmf-dist/tex/generic/pgf/basiclayer/pgfcoretransformations.code.tex
File: pgfcoretransformations.code.tex 2015/08/07  (rcs-revision 1.20)
\pgf@pt@x=\dimen169
\pgf@pt@y=\dimen170
\pgf@pt@temp=\dimen171
) (c:/texlive/2016/texmf-dist/tex/generic/pgf/basiclayer/pgfcorequick.code.tex
File: pgfcorequick.code.tex 2008/10/09  (rcs-revision 1.3)
)
(c:/texlive/2016/texmf-dist/tex/generic/pgf/basiclayer/pgfcoreobjects.code.tex
File: pgfcoreobjects.code.tex 2006/10/11  (rcs-revision 1.2)
) (c:/texlive/2016/texmf-dist/tex/generic/pgf/basiclayer/pgfcorepathprocessing.code.tex
File: pgfcorepathprocessing.code.tex 2013/09/09  (rcs-revision 1.9)
) (c:/texlive/2016/texmf-dist/tex/generic/pgf/basiclayer/pgfcorearrows.code.tex
File: pgfcorearrows.code.tex 2015/05/14  (rcs-revision 1.43)
\pgfarrowsep=\dimen172
) (c:/texlive/2016/texmf-dist/tex/generic/pgf/basiclayer/pgfcoreshade.code.tex
File: pgfcoreshade.code.tex 2013/07/15  (rcs-revision 1.15)
\pgf@max=\dimen173
\pgf@sys@shading@range@num=\count340
) (c:/texlive/2016/texmf-dist/tex/generic/pgf/basiclayer/pgfcoreimage.code.tex
File: pgfcoreimage.code.tex 2013/07/15  (rcs-revision 1.18)
 (c:/texlive/2016/texmf-dist/tex/generic/pgf/basiclayer/pgfcoreexternal.code.tex
File: pgfcoreexternal.code.tex 2014/07/09  (rcs-revision 1.21)
\pgfexternal@startupbox=\box39
)) (c:/texlive/2016/texmf-dist/tex/generic/pgf/basiclayer/pgfcorelayers.code.tex
File: pgfcorelayers.code.tex 2013/07/18  (rcs-revision 1.7)
) (c:/texlive/2016/texmf-dist/tex/generic/pgf/basiclayer/pgfcoretransparency.code.tex
File: pgfcoretransparency.code.tex 2013/09/30  (rcs-revision 1.5)
) (c:/texlive/2016/texmf-dist/tex/generic/pgf/basiclayer/pgfcorepatterns.code.tex
File: pgfcorepatterns.code.tex 2013/11/07  (rcs-revision 1.5)
))) (c:/texlive/2016/texmf-dist/tex/generic/pgf/modules/pgfmoduleshapes.code.tex
File: pgfmoduleshapes.code.tex 2014/03/21  (rcs-revision 1.35)
\pgfnodeparttextbox=\box40
) (c:/texlive/2016/texmf-dist/tex/generic/pgf/modules/pgfmoduleplot.code.tex
File: pgfmoduleplot.code.tex 2015/08/03  (rcs-revision 1.13)
) (c:/texlive/2016/texmf-dist/tex/latex/pgf/compatibility/pgfcomp-version-0-65.sty
Package: pgfcomp-version-0-65 2007/07/03 v3.0.1a (rcs-revision 1.7)
\pgf@nodesepstart=\dimen174
\pgf@nodesepend=\dimen175
)
(c:/texlive/2016/texmf-dist/tex/latex/pgf/compatibility/pgfcomp-version-1-18.sty
Package: pgfcomp-version-1-18 2007/07/23 v3.0.1a (rcs-revision 1.1)
)) (c:/texlive/2016/texmf-dist/tex/latex/pgf/utilities/pgffor.sty (c:/texlive/2016/texmf-dist/tex/latex/pgf/utilities/pgfkeys.sty (c:/texlive/2016/texmf-dist/tex/generic/pgf/utilities/pgfkeys.code.tex)) (c:/texlive/2016/texmf-dist/tex/latex/pgf/math/pgfmath.sty (c:/texlive/2016/texmf-dist/tex/generic/pgf/math/pgfmath.code.tex)) (c:/texlive/2016/texmf-dist/tex/generic/pgf/utilities/pgffor.code.tex
Package: pgffor 2013/12/13 v3.0.1a (rcs-revision 1.25)
 (c:/texlive/2016/texmf-dist/tex/generic/pgf/math/pgfmath.code.tex)
\pgffor@iter=\dimen176
\pgffor@skip=\dimen177
\pgffor@stack=\toks45
\pgffor@toks=\toks46
)) (c:/texlive/2016/texmf-dist/tex/generic/pgf/frontendlayer/tikz/tikz.code.tex
Package: tikz 2015/08/07 v3.0.1a (rcs-revision 1.151)
 (c:/texlive/2016/texmf-dist/tex/generic/pgf/libraries/pgflibraryplothandlers.code.tex
File: pgflibraryplothandlers.code.tex 2013/08/31 v3.0.1a (rcs-revision 1.20)
\pgf@plot@mark@count=\count341
\pgfplotmarksize=\dimen178
)
\tikz@lastx=\dimen179
\tikz@lasty=\dimen180
\tikz@lastxsaved=\dimen181
\tikz@lastysaved=\dimen182
\tikzleveldistance=\dimen183
\tikzsiblingdistance=\dimen184
\tikz@figbox=\box41
\tikz@figbox@bg=\box42
\tikz@tempbox=\box43
\tikz@tempbox@bg=\box44
\tikztreelevel=\count342
\tikznumberofchildren=\count343
\tikznumberofcurrentchild=\count344
\tikz@fig@count=\count345
 (c:/texlive/2016/texmf-dist/tex/generic/pgf/modules/pgfmodulematrix.code.tex
File: pgfmodulematrix.code.tex 2013/09/17  (rcs-revision 1.8)
\pgfmatrixcurrentrow=\count346
\pgfmatrixcurrentcolumn=\count347
\pgf@matrix@numberofcolumns=\count348
)
\tikz@expandcount=\count349
 (c:/texlive/2016/texmf-dist/tex/generic/pgf/frontendlayer/tikz/libraries/tikzlibrarytopaths.code.tex
File: tikzlibrarytopaths.code.tex 2008/06/17 v3.0.1a (rcs-revision 1.2)
))) (c:/texlive/2016/texmf-dist/tex/generic/pgf/frontendlayer/tikz/libraries/tikzlibrarypositioning.code.tex
File: tikzlibrarypositioning.code.tex 2008/10/06 v3.0.1a (rcs-revision 1.7)
) (c:/texlive/2016/texmf-dist/tex/latex/tools/calc.sty
Package: calc 2014/10/28 v4.3 Infix arithmetic (KKT,FJ)
\calc@Acount=\count350
\calc@Bcount=\count351
\calc@Adimen=\dimen185
\calc@Bdimen=\dimen186
\calc@Askip=\skip75
\calc@Bskip=\skip76
LaTeX Info: Redefining \setlength on input line 80.
LaTeX Info: Redefining \addtolength on input line 81.
\calc@Ccount=\count352
\calc@Cskip=\skip77
)
\c@@todonotes@numberoftodonotes=\count353
) (c:/texlive/2016/texmf-dist/tex/latex/emptypage/emptypage.sty
Package: emptypage 2010/05/30 v1.2 Suppress page numbers and headings on empty pages
) (c:/texlive/2016/texmf-dist/tex/latex/csquotes/csquotes.sty
Package: csquotes 2016/07/14 v5.1h context-sensitive quotations (JAW)
\csq@reset=\count354
\csq@gtype=\count355
\csq@glevel=\count356
\csq@qlevel=\count357
\csq@maxlvl=\count358
\csq@tshold=\count359
\csq@ltx@everypar=\toks47
 (c:/texlive/2016/texmf-dist/tex/latex/csquotes/csquotes.def
File: csquotes.def 2016/07/14 v5.1h csquotes generic definitions (JAW)
)
Package csquotes Info: Trying to load configuration file 'csquotes.cfg'...
Package csquotes Info: ... configuration file loaded successfully.
 (c:/texlive/2016/texmf-dist/tex/latex/csquotes/csquotes.cfg
File: csquotes.cfg 
)) (c:/texlive/2016/texmf-dist/tex/latex/listings/listings.sty
\lst@mode=\count360
\lst@gtempboxa=\box45
\lst@token=\toks48
\lst@length=\count361
\lst@currlwidth=\dimen187
\lst@column=\count362
\lst@pos=\count363
\lst@lostspace=\dimen188
\lst@width=\dimen189
\lst@newlines=\count364
\lst@lineno=\count365
\lst@maxwidth=\dimen190
 (c:/texlive/2016/texmf-dist/tex/latex/listings/lstmisc.sty
File: lstmisc.sty 2015/06/04 1.6 (Carsten Heinz)
\c@lstnumber=\count366
\lst@skipnumbers=\count367
\lst@framebox=\box46
) (c:/texlive/2016/texmf-dist/tex/latex/listings/listings.cfg
File: listings.cfg 2015/06/04 1.6 listings configuration
))
Package: listings 2015/06/04 1.6 (Carsten Heinz)
 (c:/texlive/2016/texmf-dist/tex/latex/pdfpages/pdfpages.sty
Package: pdfpages 2016/04/19 v0.5f Insert pages of external PDF documents (AM)
 (c:/texlive/2016/texmf-dist/tex/latex/eso-pic/eso-pic.sty
Package: eso-pic 2015/07/21 v2.0g eso-pic (RN)
)
\AM@pagewidth=\dimen191
\AM@pageheight=\dimen192
 (c:/texlive/2016/texmf-dist/tex/latex/pdfpages/pppdftex.def
File: pppdftex.def 2016/04/19 v0.5f Pdfpages driver for pdfTeX (AM)
)
\AM@pagebox=\box47
\AM@global@opts=\toks49
\AM@toc@title=\toks50
\c@AM@survey=\count368
\AM@templatesizebox=\box48
) (c:/texlive/2016/texmf-dist/tex/latex/tools/array.sty
Package: array 2014/10/28 v2.4c Tabular extension package (FMi)
\col@sep=\dimen193
\extrarowheight=\dimen194
\NC@list=\toks51
\extratabsurround=\skip78
\backup@length=\skip79
) (c:/texlive/2016/texmf-dist/tex/latex/booktabs/booktabs.sty
Package: booktabs 2016/04/27 v1.618033 publication quality tables
\heavyrulewidth=\dimen195
\lightrulewidth=\dimen196
\cmidrulewidth=\dimen197
\belowrulesep=\dimen198
\belowbottomsep=\dimen199
\aboverulesep=\dimen256
\abovetopsep=\dimen257
\cmidrulesep=\dimen258
\cmidrulekern=\dimen259
\defaultaddspace=\dimen260
\@cmidla=\count369
\@cmidlb=\count370
\@aboverulesep=\dimen261
\@belowrulesep=\dimen262
\@thisruleclass=\count371
\@lastruleclass=\count372
\@thisrulewidth=\dimen263
) (c:/texlive/2016/texmf-dist/tex/latex/csvsimple/csvsimple.sty
Package: csvsimple 2016/07/01 version 1.20 LaTeX CSV file processing
 (c:/texlive/2016/texmf-dist/tex/latex/tools/shellesc.sty
Package: shellesc 2016/06/07 v0.02a unified shell escape interface for LaTeX
Package shellesc Info: Restricted shell escape enabled on input line 69.
)
\csv@file=\read3
\c@csvinputline=\count373
\c@csvrow=\count374
\c@csvcol=\count375
\csv@out=\write6
) (./glossary.tex) (./acronyms.tex)
\glswrite=\write7
\glo@main@file=\write8
\openout8 = `main.glo'.

Package glossaries Info: Writing glossary file main.glo on input line 32.
\glo@acronym@file=\write9
\openout9 = `main.acn'.

Package glossaries Info: Writing glossary file main.acn on input line 32.
Package biblatex Info: Trying to load language 'english'...
Package biblatex Info: ... file 'english.lbx' found.
 (c:/texlive/2016/texmf-dist/tex/latex/biblatex/lbx/english.lbx
File: english.lbx 2016/05/14 v3.4 biblatex localization (PK/JW/AB)
)
Package csquotes Info: Checking for multilingual support...
Package csquotes Info: ... none found.

(C:\Users\Porras\Documents\GitHub\memoria-pfc\latex\compiledMemory/main.aux)
\openout1 = `main.aux'.

LaTeX Font Info:    Checking defaults for OML/cmm/m/it on input line 95.
LaTeX Font Info:    ... okay on input line 95.
LaTeX Font Info:    Checking defaults for T1/cmr/m/n on input line 95.
LaTeX Font Info:    ... okay on input line 95.
LaTeX Font Info:    Checking defaults for OT1/cmr/m/n on input line 95.
LaTeX Font Info:    ... okay on input line 95.
LaTeX Font Info:    Checking defaults for OMS/cmsy/m/n on input line 95.
LaTeX Font Info:    ... okay on input line 95.
LaTeX Font Info:    Checking defaults for OMX/cmex/m/n on input line 95.
LaTeX Font Info:    ... okay on input line 95.
LaTeX Font Info:    Checking defaults for U/cmr/m/n on input line 95.
LaTeX Font Info:    ... okay on input line 95.
LaTeX Font Info:    Checking defaults for PD1/pdf/m/n on input line 95.
LaTeX Font Info:    ... okay on input line 95.
Package biblatex Info: Input encoding 'utf8' detected.
Package biblatex Info: Automatic encoding selection.
(biblatex)             Assuming data encoding 'utf8'.
\openout4 = `main.bcf'.

Package biblatex Info: Trying to load bibliographic data...
Package biblatex Info: ... file 'main.bbl' found.
 (C:\Users\Porras\Documents\GitHub\memoria-pfc\latex\compiledMemory/main.bbl)
Package biblatex Info: Reference section=0 on input line 95.
Package biblatex Info: Reference segment=0 on input line 95.
\AtBeginShipoutBox=\box49
Package hyperref Info: Link coloring OFF on input line 95.
 (c:/texlive/2016/texmf-dist/tex/latex/hyperref/nameref.sty
Package: nameref 2016/05/21 v2.44 Cross-referencing by name of section
 (c:/texlive/2016/texmf-dist/tex/generic/oberdiek/gettitlestring.sty
Package: gettitlestring 2016/05/16 v1.5 Cleanup title references (HO)
)
\c@section@level=\count376
)
LaTeX Info: Redefining \ref on input line 95.
LaTeX Info: Redefining \pageref on input line 95.
LaTeX Info: Redefining \nameref on input line 95.
 (C:\Users\Porras\Documents\GitHub\memoria-pfc\latex\compiledMemory/main.out) (C:\Users\Porras\Documents\GitHub\memoria-pfc\latex\compiledMemory/main.out)
\@outlinefile=\write10
\openout10 = `main.out'.


*geometry* driver: auto-detecting
*geometry* detected driver: pdftex
*geometry* verbose mode - [ preamble ] result:
* driver: pdftex
* paper: a4paper
* layout: <same size as paper>
* layoutoffset:(h,v)=(0.0pt,0.0pt)
* modes: twoside 
* h-part:(L,W,R)=(99.58464pt, 398.33858pt, 99.58466pt)
* v-part:(T,H,B)=(113.81102pt, 617.42479pt, 113.81104pt)
* \paperwidth=597.50787pt
* \paperheight=845.04684pt
* \textwidth=398.33858pt
* \textheight=617.42479pt
* \oddsidemargin=27.31465pt
* \evensidemargin=27.31467pt
* \topmargin=9.66724pt
* \headheight=12.0pt
* \headsep=19.8738pt
* \topskip=11.0pt
* \footskip=27.46295pt
* \marginparwidth=106.0pt
* \marginparsep=7.0pt
* \columnsep=10.0pt
* \skip\footins=10.0pt plus 4.0pt minus 2.0pt
* \hoffset=0.0pt
* \voffset=0.0pt
* \mag=1000
* \@twocolumnfalse
* \@twosidetrue
* \@mparswitchtrue
* \@reversemarginfalse
* (1in=72.27pt=25.4mm, 1cm=28.453pt)

(c:/texlive/2016/texmf-dist/tex/context/base/mkii/supp-pdf.mkii
[Loading MPS to PDF converter (version 2006.09.02).]
\scratchcounter=\count377
\scratchdimen=\dimen264
\scratchbox=\box50
\nofMPsegments=\count378
\nofMParguments=\count379
\everyMPshowfont=\toks52
\MPscratchCnt=\count380
\MPscratchDim=\dimen265
\MPnumerator=\count381
\makeMPintoPDFobject=\count382
\everyMPtoPDFconversion=\toks53
) (c:/texlive/2016/texmf-dist/tex/latex/oberdiek/epstopdf-base.sty
Package: epstopdf-base 2016/05/15 v2.6 Base part for package epstopdf
 (c:/texlive/2016/texmf-dist/tex/latex/oberdiek/grfext.sty
Package: grfext 2016/05/16 v1.2 Manage graphics extensions (HO)
)
Package epstopdf-base Info: Redefining graphics rule for `.eps' on input line 438.
Package grfext Info: Graphics extension search list:
(grfext)             [.png,.pdf,.jpg,.mps,.jpeg,.jbig2,.jb2,.PNG,.PDF,.JPG,.JPEG,.JBIG2,.JB2,.eps]
(grfext)             \AppendGraphicsExtensions on input line 456.
 (c:/texlive/2016/texmf-dist/tex/latex/latexconfig/epstopdf-sys.cfg
File: epstopdf-sys.cfg 2010/07/13 v1.3 Configuration of (r)epstopdf for TeX Live
)) ABD: EveryShipout initializing macros
\c@lstlisting=\count383
 (c:/texlive/2016/texmf-dist/tex/latex/oberdiek/pdflscape.sty
Package: pdflscape 2016/05/14 v0.11 Display of landscape pages in PDF (HO)
 (c:/texlive/2016/texmf-dist/tex/latex/graphics/lscape.sty
Package: lscape 2000/10/22 v3.01 Landscape Pages (DPC)
)
Package pdflscape Info: Auto-detected driver: pdftex on input line 81.
) (./sections/00/01_titlePage.tex [1

\openout7 = `main.xdy'.


{c:/texlive/2016/texmf-var/fonts/map/pdftex/updmap/pdftex.map}]) (./sections/00/02_dedication.tex [2

]) [3] [4

] (C:\Users\Porras\Documents\GitHub\memoria-pfc\latex\compiledMemory/main.toc)
\tf@toc=\write11
\openout11 = `main.toc'.

 (./sections/11/_functionalities.tex [5] [6

]
Secci\IeC {\'o} 1.
(./sections/11/01_introFunctionalities.tex) (./sections/11/02_loginLogout.tex (./sections/11/02_connection/01_description.tex [7] <images/11/01_loginLogout/01_loginImage.jpg, id=102, 780.9175pt x 520.94624pt>
File: images/11/01_loginLogout/01_loginImage.jpg Graphic file (type jpg)
 <use images/11/01_loginLogout/01_loginImage.jpg>
Package pdftex.def Info: images/11/01_loginLogout/01_loginImage.jpg used on input line 13.
(pdftex.def)             Requested size: 312.36147pt x 208.3748pt.
) (./sections/11/02_connection/02_implDetails.tex (./sections/11/02_connection/02_extraFiles/01_client.tex [8 <./images/11/01_loginLogout/01_loginImage.jpg>]
Package hyperref Info: bookmark level for unknown lstlisting defaults to 0 on input line 14.
LaTeX Font Info:    Try loading font information for T1+cmtt on input line 14.
 (c:/texlive/2016/texmf-dist/tex/latex/base/t1cmtt.fd
File: t1cmtt.fd 2014/09/29 v2.5h Standard LaTeX font definitions
)
LaTeX Font Info:    Try loading font information for OMS+cmr on input line 31.
 (c:/texlive/2016/texmf-dist/tex/latex/base/omscmr.fd
File: omscmr.fd 2014/09/29 v2.5h Standard LaTeX font definitions
)
LaTeX Font Info:    Font shape `OMS/cmr/m/n' in size <10.95> not available
(Font)              Font shape `OMS/cmsy/m/n' tried instead on input line 31.
 [9]) (./sections/11/02_connection/02_extraFiles/02_login.tex
Underfull \vbox (badness 4441) has occurred while \output is active []

 [10]) (./sections/11/02_connection/02_extraFiles/03_logout.tex [11])) (./sections/11/02_connection/03_usability.tex <images/11/01_loginLogout/02_waitingLogin.jpg, id=177, 606.265pt x 260.975pt>
File: images/11/01_loginLogout/02_waitingLogin.jpg Graphic file (type jpg)
 <use images/11/01_loginLogout/02_waitingLogin.jpg>
Package pdftex.def Info: images/11/01_loginLogout/02_waitingLogin.jpg used on input line 9.
(pdftex.def)             Requested size: 303.13176pt x 130.48718pt.


LaTeX Warning: `h' float specifier changed to `ht'.

)) (./sections/11/03_personSearch.tex (./sections/11/03_psearch/01_description.tex [12]) (./sections/11/03_psearch/02_recomendations.tex
Underfull \vbox (badness 10000) has occurred while \output is active []

 [13 <./images/11/01_loginLogout/02_waitingLogin.jpg>]) (./sections/11/03_psearch/03_implDetails.tex (./sections/11/03_psearch/03_extraFiles/01_iniSearch.tex [14]

LaTeX Warning: Reference `sec:searchParams' on page 15 undefined on input line 24.

) (./sections/11/03_psearch/03_extraFiles/02_personsToTable.tex <images/11/02_searchPersons/01_resultsTable.jpg, id=220, 1171.37625pt x 474.77374pt>
File: images/11/02_searchPersons/01_resultsTable.jpg Graphic file (type jpg)
 <use images/11/02_searchPersons/01_resultsTable.jpg>
Package pdftex.def Info: images/11/02_searchPersons/01_resultsTable.jpg used on input line 26.
(pdftex.def)             Requested size: 398.33858pt x 161.4499pt.


LaTeX Warning: `h' float specifier changed to `ht'.

[15]) (./sections/11/03_psearch/03_extraFiles/03_personDetails.tex [16 <./images/11/02_searchPersons/01_resultsTable.jpg>] <images/11/02_searchPersons/02_personDetails.jpg, id=268, 1182.4175pt x 656.4525pt>
File: images/11/02_searchPersons/02_personDetails.jpg Graphic file (type jpg)
 <use images/11/02_searchPersons/02_personDetails.jpg>
Package pdftex.def Info: images/11/02_searchPersons/02_personDetails.jpg used on input line 13.
(pdftex.def)             Requested size: 398.33858pt x 221.14749pt.
 [17 <./images/11/02_searchPersons/02_personDetails.jpg>]) (./sections/11/03_psearch/03_extraFiles/04_dynamicTables.tex [18])) (./sections/11/03_psearch/04_usability.tex (./sections/11/03_psearch/03_extraFiles/05_formLength.tex [19] <images/11/02_searchPersons/03_formBars.jpg, id=327, 975.645pt x 260.975pt>
File: images/11/02_searchPersons/03_formBars.jpg Graphic file (type jpg)
 <use images/11/02_searchPersons/03_formBars.jpg>
Package pdftex.def Info: images/11/02_searchPersons/03_formBars.jpg used on input line 17.
(pdftex.def)             Requested size: 398.33858pt x 106.55046pt.
 [20 <./images/11/02_searchPersons/03_formBars.jpg>]) (./sections/11/03_psearch/03_extraFiles/06_formValidation.tex) (./sections/11/03_psearch/03_extraFiles/07_loadingAnimation.tex <images/11/02_searchPersons/04_searching.jpg, id=346, 1173.38374pt x 223.83624pt>
File: images/11/02_searchPersons/04_searching.jpg Graphic file (type jpg)
 <use images/11/02_searchPersons/04_searching.jpg>
Package pdftex.def Info: images/11/02_searchPersons/04_searching.jpg used on input line 11.
(pdftex.def)             Requested size: 398.33858pt x 75.98718pt.
) (./sections/11/03_psearch/03_extraFiles/08_apiError.tex
<images/11/02_searchPersons/05_familySearchError.jpg, id=348, 1183.42125pt x 235.88126pt>
File: images/11/02_searchPersons/05_familySearchError.jpg Graphic file (type jpg)
 <use images/11/02_searchPersons/05_familySearchError.jpg>
Package pdftex.def Info: images/11/02_searchPersons/05_familySearchError.jpg used on input line 9.
(pdftex.def)             Requested size: 398.33858pt x 79.39592pt.


LaTeX Warning: `h' float specifier changed to `ht'.

) (./sections/11/03_psearch/03_extraFiles/09_arrows.tex [21 <./images/11/02_searchPersons/04_searching.jpg>] <images/11/02_searchPersons/06_arrows.jpg, id=365, 1184.425pt x 300.12125pt>
File: images/11/02_searchPersons/06_arrows.jpg Graphic file (type jpg)
 <use images/11/02_searchPersons/06_arrows.jpg>
Package pdftex.def Info: images/11/02_searchPersons/06_arrows.jpg used on input line 13.
(pdftex.def)             Requested size: 398.33858pt x 100.93622pt.
) (./sections/11/03_psearch/03_extraFiles/10_upArrows.tex) (./sections/11/03_psearch/03_extraFiles/11_verticalAnimation.tex
Underfull \vbox (badness 2591) has occurred while \output is active []

 [22 <./images/11/02_searchPersons/05_familySearchError.jpg> <./images/11/02_searchPersons/06_arrows.jpg>]) (./sections/11/03_psearch/03_extraFiles/12_stateRepresentation.tex)) (./sections/11/03_psearch/05_mainUsage.tex)) (./sections/11/04_surnamesSearch.tex [23] (./sections/11/04_surnames/01_description.tex [24]
Underfull \vbox (badness 3039) has occurred while \output is active []

 [25]) (./sections/11/04_surnames/02_recomendations.tex) (./sections/11/04_surnames/03_implDetails.tex [26] (./sections/11/04_surnames/03_extraFiles/01_formValidation.tex
Overfull \hbox (2.54977pt too wide) in paragraph at lines 8--9
[]\T1/cmr/m/n/10.95 La val-i-daci en l-nia, s'activa quan l'usuari surt d'un camp del for-mu-lari i s'aprofita
 []

[27] <images/11/03_surnamesSearch/01_formValidation.jpg, id=428, 1184.425pt x 372.39125pt>
File: images/11/03_surnamesSearch/01_formValidation.jpg Graphic file (type jpg)
 <use images/11/03_surnamesSearch/01_formValidation.jpg>
Package pdftex.def Info: images/11/03_surnamesSearch/01_formValidation.jpg used on input line 40.
(pdftex.def)             Requested size: 398.33858pt x 125.24193pt.
) (./sections/11/04_surnames/03_extraFiles/02_async.tex [28 <./images/11/03_surnamesSearch/01_formValidation.jpg>]
Overfull \hbox (0.67227pt too wide) in paragraph at lines 29--30
[]\T1/cmr/m/n/10.95 El motiu prin-ci-pal pel qual s'utilitzen dues es-truc-tures difer-ents s que l'estructura
 []

) (./sections/11/04_surnames/03_extraFiles/03_graphics.tex [29]
Overfull \hbox (2.99449pt too wide) in paragraph at lines 30--31
[]\T1/cmr/m/n/10.95 Per aconseguir-ho, es crea una fun-ci de com-para-ci ded-i-cada (\T1/cmr/m/it/10.95 compare-Countries\T1/cmr/m/n/10.95 ),
 []

[30] <images/11/03_surnamesSearch/02_geomapDesktop2.jpg, id=482, 914.41624pt x 673.51625pt>
File: images/11/03_surnamesSearch/02_geomapDesktop2.jpg Graphic file (type jpg)
 <use images/11/03_surnamesSearch/02_geomapDesktop2.jpg>
Package pdftex.def Info: images/11/03_surnamesSearch/02_geomapDesktop2.jpg used on input line 68.
(pdftex.def)             Requested size: 398.33858pt x 293.39856pt.


LaTeX Warning: `h' float specifier changed to `ht'.

<images/11/03_surnamesSearch/03_barChartDesktop2.jpg, id=483, 1094.0875pt x 397.485pt>
File: images/11/03_surnamesSearch/03_barChartDesktop2.jpg Graphic file (type jpg)
 <use images/11/03_surnamesSearch/03_barChartDesktop2.jpg>
Package pdftex.def Info: images/11/03_surnamesSearch/03_barChartDesktop2.jpg used on input line 74.
(pdftex.def)             Requested size: 398.33858pt x 144.71994pt.


LaTeX Warning: `h' float specifier changed to `ht'.

<images/11/03_surnamesSearch/04_yearsEvolutionDesktop3.jpg, id=484, 1152.305pt x 504.88625pt>
File: images/11/03_surnamesSearch/04_yearsEvolutionDesktop3.jpg Graphic file (type jpg)
 <use images/11/03_surnamesSearch/04_yearsEvolutionDesktop3.jpg>
Package pdftex.def Info: images/11/03_surnamesSearch/04_yearsEvolutionDesktop3.jpg used on input line 80.
(pdftex.def)             Requested size: 398.33858pt x 174.53261pt.


LaTeX Warning: `h' float specifier changed to `ht'.

) (./sections/11/04_surnames/03_extraFiles/04_checkboxes.tex [31] <images/11/03_surnamesSearch/05_checkboxes2.jpg, id=520, 977.6525pt x 374.39874pt>
File: images/11/03_surnamesSearch/05_checkboxes2.jpg Graphic file (type jpg)
 <use images/11/03_surnamesSearch/05_checkboxes2.jpg>
Package pdftex.def Info: images/11/03_surnamesSearch/05_checkboxes2.jpg used on input line 25.
(pdftex.def)             Requested size: 398.33858pt x 152.54471pt.


LaTeX Warning: `h' float specifier changed to `ht'.

)) (./sections/11/04_surnames/04_usability.tex [32 <./images/11/03_surnamesSearch/02_geomapDesktop2.jpg>] (./sections/11/04_surnames/03_extraFiles/05_graphsNavigation.tex
Underfull \vbox (badness 10000) has occurred while \output is active []

 [33 <./images/11/03_surnamesSearch/03_barChartDesktop2.jpg> <./images/11/03_surnamesSearch/04_yearsEvolutionDesktop3.jpg>] <images/11/03_surnamesSearch/08_topFixed.jpg, id=541, 1122.1925pt x 359.3425pt>
File: images/11/03_surnamesSearch/08_topFixed.jpg Graphic file (type jpg)
 <use images/11/03_surnamesSearch/08_topFixed.jpg>
Package pdftex.def Info: images/11/03_surnamesSearch/08_topFixed.jpg used on input line 13.
(pdftex.def)             Requested size: 398.33858pt x 127.55376pt.
) (./sections/11/04_surnames/03_extraFiles/06_waiting.tex
Underfull \vbox (badness 10000) has occurred while \output is active []

 [34 <./images/11/03_surnamesSearch/05_checkboxes2.jpg> <./images/11/03_surnamesSearch/08_topFixed.jpg>] <images/11/03_surnamesSearch/06_waitingDesktop2.jpg, id=550, 1092.08pt x 254.9525pt>
File: images/11/03_surnamesSearch/06_waitingDesktop2.jpg Graphic file (type jpg)
 <use images/11/03_surnamesSearch/06_waitingDesktop2.jpg>
Package pdftex.def Info: images/11/03_surnamesSearch/06_waitingDesktop2.jpg used on input line 17.
(pdftex.def)             Requested size: 398.33858pt x 92.99269pt.
 <images/11/03_surnamesSearch/07_waitingDesktopComplete2.jpg, id=551, 1092.08pt x 252.945pt>
File: images/11/03_surnamesSearch/07_waitingDesktopComplete2.jpg Graphic file (type jpg)
 <use images/11/03_surnamesSearch/07_waitingDesktopComplete2.jpg>
Package pdftex.def Info: images/11/03_surnamesSearch/07_waitingDesktopComplete2.jpg used on input line 18.
(pdftex.def)             Requested size: 398.33858pt x 92.26047pt.


LaTeX Warning: `h' float specifier changed to `ht'.

) (./sections/11/04_surnames/03_extraFiles/07_stateRepresentation.tex [35])) (./sections/11/04_surnames/05_mainUsage.tex)) (./sections/11/05_facts.tex [36 <./images/11/03_surnamesSearch/06_waitingDesktop2.jpg> <./images/11/03_surnamesSearch/07_waitingDesktopComplete2.jpg>] (./sections/11/05_facts/01_description.tex) (./sections/11/05_facts/02_recomendations.tex [37]) (./sections/11/05_facts/03_implDetails.tex
Overfull \hbox (4.58241pt too wide) in paragraph at lines 6--7
[]\T1/cmr/m/n/10.95 El con-tro-lador en-car-regat del fun-ciona-ment de l'evoluci tem-po-ral d'esdeveniments
 []

(./sections/11/05_facts/03_extraFiles/01_formValidation.tex) (./sections/11/05_facts/03_extraFiles/02_async.tex [38]) (./sections/11/05_facts/03_extraFiles/03_graphics.tex [39]
Overfull \hbox (7.23305pt too wide) in paragraph at lines 19--20
[]\T1/cmr/m/n/10.95 Un ex-em-ple del grfic im-prs per aque-sta fun-cional-i-tat, pot ser vist en la figura []1.16[]. 
 []

<images/11/04_factsSearcher/01_yearsEvolution2.jpg, id=607, 951.555pt x 598.235pt>
File: images/11/04_factsSearcher/01_yearsEvolution2.jpg Graphic file (type jpg)
 <use images/11/04_factsSearcher/01_yearsEvolution2.jpg>
Package pdftex.def Info: images/11/04_factsSearcher/01_yearsEvolution2.jpg used on input line 22.
(pdftex.def)             Requested size: 398.33858pt x 250.43544pt.


LaTeX Warning: `h' float specifier changed to `ht'.

)) (./sections/11/05_facts/04_usability.tex (./sections/11/05_facts/03_extraFiles/04_waiting.tex
Underfull \vbox (badness 1735) has occurred while \output is active []

 [40] <images/11/04_factsSearcher/02_midSearch.jpg, id=626, 1350.04375pt x 216.81pt>
File: images/11/04_factsSearcher/02_midSearch.jpg Graphic file (type jpg)
 <use images/11/04_factsSearcher/02_midSearch.jpg>
Package pdftex.def Info: images/11/04_factsSearcher/02_midSearch.jpg used on input line 19.
(pdftex.def)             Requested size: 398.33858pt x 63.9683pt.
 <images/11/04_factsSearcher/03_completeSearch.jpg, id=627, 1092.08pt x 220.825pt>
File: images/11/04_factsSearcher/03_completeSearch.jpg Graphic file (type jpg)
 <use images/11/04_factsSearcher/03_completeSearch.jpg>
Package pdftex.def Info: images/11/04_factsSearcher/03_completeSearch.jpg used on input line 20.
(pdftex.def)             Requested size: 398.33858pt x 80.54485pt.
) (./sections/11/05_facts/03_extraFiles/05_stateRepresentation.tex
Underfull \vbox (badness 10000) has occurred while \output is active []

 [41 <./images/11/04_factsSearcher/01_yearsEvolution2.jpg>])) (./sections/11/05_facts/05_mainUsage.tex))) [42 <./images/11/04_factsSearcher/02_midSearch.jpg> <./images/11/04_factsSearcher/03_completeSearch.jpg>] [43] [44

] [45

] [46] (./sections/13/01_fsAccounts.tex
Annex A.
) (./sections/13/02_limitedUse.tex [47

] [48

]
Annex B.
<images/13/limitedUse.png, id=669, 499.8675pt x 452.4403pt>
File: images/13/limitedUse.png Graphic file (type png)
 <use images/13/limitedUse.png>
Package pdftex.def Info: images/13/limitedUse.png used on input line 4.
(pdftex.def)             Requested size: 398.33858pt x 360.5582pt.
) [49 <./images/13/limitedUse.png>] [50


]
Overfull \hbox (5.62444pt too wide) in paragraph at lines 133--133
\T1/cmr/m/n/10.95 August-2016]. 2014. \T1/cmr/m/sc/10.95 url\T1/cmr/m/n/10.95 : []$\T1/cmtt/m/n/10.95 https : / / css -[] tricks . com / design -[] considerations -[]
 []


Overfull \hbox (1.39717pt too wide) in paragraph at lines 133--133
[]\T1/cmr/m/n/10.95 EJS. \T1/cmr/m/it/10.95 Em-bed-ded Javascript\T1/cmr/m/n/10.95 . [On-line; ac-cessed 25-August-2016]. 2016. \T1/cmr/m/sc/10.95 url\T1/cmr/m/n/10.95 : []$\T1/cmtt/m/n/10.95 http :
 []


Overfull \hbox (3.40823pt too wide) in paragraph at lines 133--133
[]\T1/cmr/m/n/10.95 Google. \T1/cmr/m/it/10.95 Bar-chart Doc-u-men-ta-tion\T1/cmr/m/n/10.95 . [On-line; ac-cessed 25-August-2016]. 2016. \T1/cmr/m/sc/10.95 url\T1/cmr/m/n/10.95 :
 []

[51]
Overfull \hbox (0.27528pt too wide) in paragraph at lines 133--133
[]\T1/cmr/m/n/10.95 Google. \T1/cmr/m/it/10.95 Ge-omap Doc-u-men-ta-tion\T1/cmr/m/n/10.95 . [On-line; ac-cessed 25-August-2016]. 2016. \T1/cmr/m/sc/10.95 url\T1/cmr/m/n/10.95 :
 []


Overfull \hbox (5.87027pt too wide) in paragraph at lines 133--133
\T1/cmr/m/n/10.95 2016]. 2016. \T1/cmr/m/sc/10.95 url\T1/cmr/m/n/10.95 : []$\T1/cmtt/m/n/10.95 http : / / webdesign . about . com / od / intermediatetutorials /
 []


Overfull \hbox (3.4096pt too wide) in paragraph at lines 133--133
[]\T1/cmr/m/n/10.95 Rhonda R. Mc-Clure. \T1/cmr/m/it/10.95 Un-der-stand-ing Sources\T1/cmr/m/n/10.95 . [On-line; ac-cessed 25-August-2016].
 []

[52]
Overfull \hbox (7.82611pt too wide) in paragraph at lines 133--133
\T1/cmr/m/n/10.95 25-August-2016]. 2016. \T1/cmr/m/sc/10.95 url\T1/cmr/m/n/10.95 : []$\T1/cmtt/m/n/10.95 http : / / familysearch . github . io / familysearch -[]
 []


Overfull \hbox (5.71634pt too wide) in paragraph at lines 133--133
[]\T1/cmr/m/n/10.95 FamilySearch Or-ga-ni-za-tion. \T1/cmr/m/it/10.95 Fam-il-y-Search web-page\T1/cmr/m/n/10.95 . [On-line; ac-cessed 25-August-
 []


Overfull \hbox (26.8801pt too wide) in paragraph at lines 133--133
\T1/cmr/m/n/10.95 [On-line; ac-cessed 25-August-2016]. 2015. \T1/cmr/m/sc/10.95 url\T1/cmr/m/n/10.95 : []$\T1/cmtt/m/n/10.95 https : / / github . com / FamilySearch /
 []


Overfull \hbox (3.64322pt too wide) in paragraph at lines 133--133
[]\T1/cmr/m/n/10.95 FamilySearch or-ga-ni-za-tion. \T1/cmr/m/it/10.95 API Change Log\T1/cmr/m/n/10.95 . [On-line; ac-cessed 25-August-2016].
 []

[53]
Overfull \hbox (14.32072pt too wide) in paragraph at lines 133--133
\T1/cmtt/m/n/10.95 org / wiki / en / index . php ? title = Genealogical _ Ethics _ (National _ Institute )
 []


Overfull \hbox (3.00398pt too wide) in paragraph at lines 133--133
\T1/cmtt/m/n/10.95 wikipedia . org / w / index . php ? title = Application _ programming _ interface &
 []

[54] [55] [56] [57]

Package glossaries Warning: No \printglossary or \printglossaries found. 
(Remove \makeglossaries if you don't want any glossaries.) 
This document will not have a glossary.

Package atveryend Info: Empty hook `BeforeClearDocument' on input line 139.
Package atveryend Info: Empty hook `AfterLastShipout' on input line 139.
(C:\Users\Porras\Documents\GitHub\memoria-pfc\latex\compiledMemory/main.aux)
Package atveryend Info: Executing hook `AtVeryEndDocument' on input line 139.
Package atveryend Info: Executing hook `AtEndAfterFileList' on input line 139.
Package rerunfilecheck Info: File `main.out' has not changed.
(rerunfilecheck)             Checksum: AA50935E50BCD82CDCBE58C0A80EAD64;684.


LaTeX Warning: There were undefined references.

Package logreq Info: Writing requests to 'main.run.xml'.
\openout1 = `main.run.xml'.

 ) 
Here is how much of TeX's memory you used:
 31227 strings out of 493013
 561271 string characters out of 6136994
 1094455 words of memory out of 5000000
 33551 multiletter control sequences out of 15000+600000
 24482 words of font info for 54 fonts, out of 8000000 for 9000
 1141 hyphenation exceptions out of 8191
 62i,8n,67p,1969b,1970s stack positions out of 5000i,500n,10000p,200000b,80000s
pdfTeX warning (dest): name{Hfootnote.4} has been referenced but does not exist, replaced by a fixed one

pdfTeX warning (dest): name{Hfootnote.3} has been referenced but does not exist, replaced by a fixed one

pdfTeX warning (dest): name{Hfootnote.2} has been referenced but does not exist, replaced by a fixed one

pdfTeX warning (dest): name{Hfootnote.1} has been referenced but does not exist, replaced by a fixed one

{c:/texlive/2016/texmf-dist/fonts/enc/dvips/cm-super/cm-super-t1.enc}<c:/texlive/2016/texmf-dist/fonts/type1/public/amsfonts/cm/cmsy10.pfb><c:/texlive/2016/texmf-dist/fonts/type1/public/cm-super/sfbx1095.pfb><c:/texlive/2016/texmf-dist/fonts/type1/public/cm-super/sfbx1200.pfb><c:/texlive/2016/texmf-dist/fonts/type1/public/cm-super/sfbx1440.pfb><c:/texlive/2016/texmf-dist/fonts/type1/public/cm-super/sfbx1728.pfb><c:/texlive/2016/texmf-dist/fonts/type1/public/cm-super/sfbx2074.pfb><c:/texlive/2016/texmf-dist/fonts/type1/public/cm-super/sfbx2488.pfb><c:/texlive/2016/texmf-dist/fonts/type1/public/cm-super/sfcc0900.pfb><c:/texlive/2016/texmf-dist/fonts/type1/public/cm-super/sfcc1095.pfb><c:/texlive/2016/texmf-dist/fonts/type1/public/cm-super/sfit0900.pfb><c:/texlive/2016/texmf-dist/fonts/type1/public/cm-super/sfrm0600.pfb><c:/texlive/2016/texmf-dist/fonts/type1/public/cm-super/sfrm0800.pfb><c:/texlive/2016/texmf-dist/fonts/type1/public/cm-super/sfrm0900.pfb><c:/texlive/2016/texmf-dist/fonts
/type1/public/cm-super/sfrm1095.pfb><c:/texlive/2016/texmf-dist/fonts/type1/public/cm-super/sfrm1440.pfb><c:/texlive/2016/texmf-dist/fonts/type1/public/cm-super/sfrm1728.pfb><c:/texlive/2016/texmf-dist/fonts/type1/public/cm-super/sfsl1095.pfb><c:/texlive/2016/texmf-dist/fonts/type1/public/cm-super/sfti0900.pfb><c:/texlive/2016/texmf-dist/fonts/type1/public/cm-super/sfti1095.pfb><c:/texlive/2016/texmf-dist/fonts/type1/public/cm-super/sftt0900.pfb><c:/texlive/2016/texmf-dist/fonts/type1/public/cm-super/sftt1095.pfb>
Output written on C:\Users\Porras\Documents\GitHub\memoria-pfc\latex\compiledMemory/main.pdf (57 pages, 1882908 bytes).
PDF statistics:
 1047 PDF objects out of 1200 (max. 8388607)
 937 compressed objects within 10 object streams
 470 named destinations out of 1000 (max. 500000)
 185 words of extra memory for PDF output out of 10000 (max. 10000000)

